#-----------------------------------------------------------
# Vivado v2018.3 (64-bit)
# SW Build 2405991 on Thu Dec  6 23:38:27 MST 2018
# IP Build 2404404 on Fri Dec  7 01:43:56 MST 2018
# Start of session at: Mon Nov  4 20:08:17 2019
# Process ID: 8960
# Current directory: G:/vending machine extended/vending machine
# Command line: vivado.exe -gui_launcher_event rodinguilauncherevent3404 G:\vending machine extended\vending machine\vending machine.xpr
# Log file: G:/vending machine extended/vending machine/vivado.log
# Journal file: G:/vending machine extended/vending machine\vivado.jou
#-----------------------------------------------------------
start_gui
open_project {G:/vending machine extended/vending machine/vending machine.xpr}
Scanning sources...
Finished scanning sources
INFO: [IP_Flow 19-234] Refreshing IP repositories
INFO: [IP_Flow 19-1704] No user IP repositories specified
INFO: [IP_Flow 19-2313] Loaded Vivado IP repository 'C:/Xilinx/Vivado/2018.3/data/ip'.
open_project: Time (s): cpu = 00:00:18 ; elapsed = 00:00:10 . Memory (MB): peak = 828.000 ; gain = 235.852
update_compile_order -fileset sources_1
